<?xml version="1.0" encoding="UTF-8"?>
<!-- Generated by org.testng.reporters.JUnitXMLReporter -->
<testsuite ignored="0" hostname="DESKTOP-BNE3700" failures="0" tests="16" name="Test" time="168.92" errors="0" timestamp="2024-12-30T12:35:53 IST">
  <testcase classname="testCases.TC001_SignUpTest" name="validateSignUpFunction" time="3.198"/>
  <testcase classname="testCases.TC001_SignUpTest" name="validSignUp" time="10.209"/>
  <testcase classname="testCases.TC002_LoginTest" name="Validlogin" time="6.629"/>
  <testcase classname="testCases.TC003_ProductCategoryTest" name="ProductDetails" time="0.132"/>
  <testcase classname="testCases.TC003_ProductCategoryTest" name="testVerifyNavigationMenuItems" time="0.094"/>
  <testcase classname="testCases.TC003_ProductCategoryTest" name="testVerifyCategoryMenuItems" time="0.034"/>
  <testcase classname="testCases.TC004_ProductDetailsTest" name="selectProductCategory" time="3.114"/>
  <testcase classname="testCases.TC004_ProductDetailsTest" name="testProductRedirection" time="3.681"/>
  <testcase classname="testCases.TC004_ProductDetailsTest" name="testProductDetailsAccuracy" time="0.092"/>
  <testcase classname="testCases.TC004_ProductDetailsTest" name="testAddProductToCart" time="17.878"/>
  <testcase classname="testCases.TC005_CartTest" name="testDeleteItemFromCart" time="6.727"/>
  <testcase classname="testCases.TC005_CartTest" name="testTotalPriceCalculation" time="13.836"/>
  <testcase classname="testCases.TC005_CartTest" name="testClearCart" time="39.565"/>
  <testcase classname="testCases.TC006_PurchaseTest" name="testOrderWindowRedirection" time="5.448"/>
  <testcase classname="testCases.TC006_PurchaseTest" name="testCompleteOrderProcess" time="3.834"/>
  <testcase classname="testCases.TC007_EndToEndTest" name="testCompleteCart" time="25.345"/>
</testsuite> <!-- Test -->
