<?xml version="1.0" encoding="UTF-8"?>
<testng-results ignored="0" total="16" passed="16" failed="0" skipped="0">
  <reporter-output>
  </reporter-output>
  <suite started-at="2024-12-30T12:33:04 IST" name="Suite" finished-at="2024-12-30T12:35:53 IST" duration-ms="168920">
    <groups>
      <group name="Functional">
        <method signature="TC005_CartTest.testDeleteItemFromCart()[pri:1, instance:testCases.TC005_CartTest@495fac5f]" name="testDeleteItemFromCart" class="testCases.TC005_CartTest"/>
        <method signature="TC006_PurchaseTest.testOrderWindowRedirection()[pri:1, instance:testCases.TC006_PurchaseTest@76012793]" name="testOrderWindowRedirection" class="testCases.TC006_PurchaseTest"/>
        <method signature="TC005_CartTest.testTotalPriceCalculation()[pri:2, instance:testCases.TC005_CartTest@495fac5f]" name="testTotalPriceCalculation" class="testCases.TC005_CartTest"/>
        <method signature="TC006_PurchaseTest.testCompleteOrderProcess()[pri:2, instance:testCases.TC006_PurchaseTest@76012793]" name="testCompleteOrderProcess" class="testCases.TC006_PurchaseTest"/>
        <method signature="TC005_CartTest.testClearCart()[pri:3, instance:testCases.TC005_CartTest@495fac5f]" name="testClearCart" class="testCases.TC005_CartTest"/>
      </group> <!-- Functional -->
      <group name="Master">
        <method signature="TC007_EndToEndTest.testCompleteCart()[pri:0, instance:testCases.TC007_EndToEndTest@635572a7]" name="testCompleteCart" class="testCases.TC007_EndToEndTest"/>
      </group> <!-- Master -->
      <group name="Sanity">
        <method signature="TC002_LoginTest.Validlogin()[pri:0, instance:testCases.TC002_LoginTest@497486b3]" name="Validlogin" class="testCases.TC002_LoginTest"/>
        <method signature="TC001_SignUpTest.validateSignUpFunction()[pri:1, instance:testCases.TC001_SignUpTest@15dcfae7]" name="validateSignUpFunction" class="testCases.TC001_SignUpTest"/>
        <method signature="TC001_SignUpTest.validSignUp()[pri:2, instance:testCases.TC001_SignUpTest@15dcfae7]" name="validSignUp" class="testCases.TC001_SignUpTest"/>
      </group> <!-- Sanity -->
      <group name="Regression">
        <method signature="TC004_ProductDetailsTest.selectProductCategory()[pri:0, instance:testCases.TC004_ProductDetailsTest@6bbe2511]" name="selectProductCategory" class="testCases.TC004_ProductDetailsTest"/>
        <method signature="TC004_ProductDetailsTest.testProductRedirection()[pri:1, instance:testCases.TC004_ProductDetailsTest@6bbe2511]" name="testProductRedirection" class="testCases.TC004_ProductDetailsTest"/>
        <method signature="TC004_ProductDetailsTest.testProductDetailsAccuracy()[pri:2, instance:testCases.TC004_ProductDetailsTest@6bbe2511]" name="testProductDetailsAccuracy" class="testCases.TC004_ProductDetailsTest"/>
        <method signature="TC003_ProductCategoryTest.ProductDetails()[pri:1, instance:testCases.TC003_ProductCategoryTest@63f8276e]" name="ProductDetails" class="testCases.TC003_ProductCategoryTest"/>
        <method signature="TC003_ProductCategoryTest.testVerifyNavigationMenuItems()[pri:2, instance:testCases.TC003_ProductCategoryTest@63f8276e]" name="testVerifyNavigationMenuItems" class="testCases.TC003_ProductCategoryTest"/>
      </group> <!-- Regression -->
    </groups>
    <test started-at="2024-12-30T12:33:04 IST" name="Test" finished-at="2024-12-30T12:35:53 IST" duration-ms="168920">
      <class name="testCases.TC005_CartTest">
        <test-method is-config="true" signature="setup(java.lang.String,java.lang.String)[pri:0, instance:testCases.TC005_CartTest@495fac5f]" started-at="2024-12-30T12:34:07 IST" name="setup" finished-at="2024-12-30T12:34:10 IST" duration-ms="3413" status="PASS">
          <params>
            <param index="0">
              <value>
                <![CDATA[Windows]]>
              </value>
            </param>
            <param index="1">
              <value>
                <![CDATA[chrome]]>
              </value>
            </param>
          </params>
          <reporter-output>
          </reporter-output>
        </test-method> <!-- setup -->
        <test-method signature="testDeleteItemFromCart()[pri:1, instance:testCases.TC005_CartTest@495fac5f]" started-at="2024-12-30T12:34:10 IST" name="testDeleteItemFromCart" description="Verify Item Deletion from Cart" finished-at="2024-12-30T12:34:17 IST" duration-ms="6727" status="PASS">
          <reporter-output>
          </reporter-output>
        </test-method> <!-- testDeleteItemFromCart -->
        <test-method signature="testTotalPriceCalculation()[pri:2, instance:testCases.TC005_CartTest@495fac5f]" started-at="2024-12-30T12:34:17 IST" name="testTotalPriceCalculation" description="Verify Total Price Calculation" finished-at="2024-12-30T12:34:31 IST" duration-ms="13836" status="PASS">
          <reporter-output>
          </reporter-output>
        </test-method> <!-- testTotalPriceCalculation -->
        <test-method signature="testClearCart()[pri:3, instance:testCases.TC005_CartTest@495fac5f]" started-at="2024-12-30T12:34:31 IST" name="testClearCart" description="Verify Cart Clearing" finished-at="2024-12-30T12:35:10 IST" duration-ms="39565" status="PASS">
          <reporter-output>
          </reporter-output>
        </test-method> <!-- testClearCart -->
        <test-method is-config="true" signature="teardown()[pri:0, instance:testCases.TC005_CartTest@495fac5f]" started-at="2024-12-30T12:35:10 IST" name="teardown" finished-at="2024-12-30T12:35:11 IST" duration-ms="458" status="PASS">
          <reporter-output>
          </reporter-output>
        </test-method> <!-- teardown -->
      </class> <!-- testCases.TC005_CartTest -->
      <class name="testCases.TC002_LoginTest">
        <test-method is-config="true" signature="setup(java.lang.String,java.lang.String)[pri:0, instance:testCases.TC002_LoginTest@497486b3]" started-at="2024-12-30T12:33:24 IST" name="setup" finished-at="2024-12-30T12:33:27 IST" duration-ms="3187" status="PASS">
          <params>
            <param index="0">
              <value>
                <![CDATA[Windows]]>
              </value>
            </param>
            <param index="1">
              <value>
                <![CDATA[chrome]]>
              </value>
            </param>
          </params>
          <reporter-output>
          </reporter-output>
        </test-method> <!-- setup -->
        <test-method signature="Validlogin()[pri:0, instance:testCases.TC002_LoginTest@497486b3]" started-at="2024-12-30T12:33:27 IST" name="Validlogin" finished-at="2024-12-30T12:33:33 IST" duration-ms="6629" status="PASS">
          <reporter-output>
          </reporter-output>
        </test-method> <!-- Validlogin -->
        <test-method is-config="true" signature="teardown()[pri:0, instance:testCases.TC002_LoginTest@497486b3]" started-at="2024-12-30T12:33:33 IST" name="teardown" finished-at="2024-12-30T12:33:34 IST" duration-ms="442" status="PASS">
          <reporter-output>
          </reporter-output>
        </test-method> <!-- teardown -->
      </class> <!-- testCases.TC002_LoginTest -->
      <class name="testCases.TC006_PurchaseTest">
        <test-method is-config="true" signature="setup(java.lang.String,java.lang.String)[pri:0, instance:testCases.TC006_PurchaseTest@76012793]" started-at="2024-12-30T12:35:11 IST" name="setup" finished-at="2024-12-30T12:35:14 IST" duration-ms="3012" status="PASS">
          <params>
            <param index="0">
              <value>
                <![CDATA[Windows]]>
              </value>
            </param>
            <param index="1">
              <value>
                <![CDATA[chrome]]>
              </value>
            </param>
          </params>
          <reporter-output>
          </reporter-output>
        </test-method> <!-- setup -->
        <test-method signature="testOrderWindowRedirection()[pri:1, instance:testCases.TC006_PurchaseTest@76012793]" started-at="2024-12-30T12:35:14 IST" name="testOrderWindowRedirection" finished-at="2024-12-30T12:35:19 IST" duration-ms="5448" status="PASS">
          <reporter-output>
          </reporter-output>
        </test-method> <!-- testOrderWindowRedirection -->
        <test-method signature="testCompleteOrderProcess()[pri:2, instance:testCases.TC006_PurchaseTest@76012793]" started-at="2024-12-30T12:35:19 IST" name="testCompleteOrderProcess" finished-at="2024-12-30T12:35:23 IST" duration-ms="3834" status="PASS">
          <reporter-output>
          </reporter-output>
        </test-method> <!-- testCompleteOrderProcess -->
        <test-method is-config="true" signature="teardown()[pri:0, instance:testCases.TC006_PurchaseTest@76012793]" started-at="2024-12-30T12:35:23 IST" name="teardown" finished-at="2024-12-30T12:35:24 IST" duration-ms="507" status="PASS">
          <reporter-output>
          </reporter-output>
        </test-method> <!-- teardown -->
      </class> <!-- testCases.TC006_PurchaseTest -->
      <class name="testCases.TC003_ProductCategoryTest">
        <test-method is-config="true" signature="setup(java.lang.String,java.lang.String)[pri:0, instance:testCases.TC003_ProductCategoryTest@63f8276e]" started-at="2024-12-30T12:33:34 IST" name="setup" finished-at="2024-12-30T12:33:37 IST" duration-ms="3251" status="PASS">
          <params>
            <param index="0">
              <value>
                <![CDATA[Windows]]>
              </value>
            </param>
            <param index="1">
              <value>
                <![CDATA[chrome]]>
              </value>
            </param>
          </params>
          <reporter-output>
          </reporter-output>
        </test-method> <!-- setup -->
        <test-method signature="ProductDetails()[pri:1, instance:testCases.TC003_ProductCategoryTest@63f8276e]" started-at="2024-12-30T12:33:37 IST" name="ProductDetails" finished-at="2024-12-30T12:33:37 IST" duration-ms="132" status="PASS">
          <reporter-output>
          </reporter-output>
        </test-method> <!-- ProductDetails -->
        <test-method signature="testVerifyNavigationMenuItems()[pri:2, instance:testCases.TC003_ProductCategoryTest@63f8276e]" started-at="2024-12-30T12:33:37 IST" name="testVerifyNavigationMenuItems" description="verifying the naviation menu items" finished-at="2024-12-30T12:33:37 IST" duration-ms="94" status="PASS">
          <reporter-output>
          </reporter-output>
        </test-method> <!-- testVerifyNavigationMenuItems -->
        <test-method signature="testVerifyCategoryMenuItems()[pri:3, instance:testCases.TC003_ProductCategoryTest@63f8276e]" started-at="2024-12-30T12:33:37 IST" name="testVerifyCategoryMenuItems" description="validating category menus" finished-at="2024-12-30T12:33:37 IST" duration-ms="34" status="PASS">
          <reporter-output>
          </reporter-output>
        </test-method> <!-- testVerifyCategoryMenuItems -->
        <test-method is-config="true" signature="teardown()[pri:0, instance:testCases.TC003_ProductCategoryTest@63f8276e]" started-at="2024-12-30T12:33:37 IST" name="teardown" finished-at="2024-12-30T12:33:38 IST" duration-ms="383" status="PASS">
          <reporter-output>
          </reporter-output>
        </test-method> <!-- teardown -->
      </class> <!-- testCases.TC003_ProductCategoryTest -->
      <class name="testCases.TC004_ProductDetailsTest">
        <test-method is-config="true" signature="setup(java.lang.String,java.lang.String)[pri:0, instance:testCases.TC004_ProductDetailsTest@6bbe2511]" started-at="2024-12-30T12:33:38 IST" name="setup" finished-at="2024-12-30T12:33:42 IST" duration-ms="3740" status="PASS">
          <params>
            <param index="0">
              <value>
                <![CDATA[Windows]]>
              </value>
            </param>
            <param index="1">
              <value>
                <![CDATA[chrome]]>
              </value>
            </param>
          </params>
          <reporter-output>
          </reporter-output>
        </test-method> <!-- setup -->
        <test-method signature="selectProductCategory()[pri:0, instance:testCases.TC004_ProductDetailsTest@6bbe2511]" started-at="2024-12-30T12:33:42 IST" name="selectProductCategory" finished-at="2024-12-30T12:33:45 IST" duration-ms="3114" status="PASS">
          <reporter-output>
          </reporter-output>
        </test-method> <!-- selectProductCategory -->
        <test-method signature="testProductRedirection()[pri:1, instance:testCases.TC004_ProductDetailsTest@6bbe2511]" started-at="2024-12-30T12:33:45 IST" name="testProductRedirection" finished-at="2024-12-30T12:33:48 IST" duration-ms="3681" status="PASS">
          <reporter-output>
          </reporter-output>
        </test-method> <!-- testProductRedirection -->
        <test-method signature="testProductDetailsAccuracy()[pri:2, instance:testCases.TC004_ProductDetailsTest@6bbe2511]" started-at="2024-12-30T12:33:48 IST" name="testProductDetailsAccuracy" finished-at="2024-12-30T12:33:48 IST" duration-ms="92" status="PASS">
          <reporter-output>
          </reporter-output>
        </test-method> <!-- testProductDetailsAccuracy -->
        <test-method signature="testAddProductToCart()[pri:0, instance:testCases.TC004_ProductDetailsTest@6bbe2511]" started-at="2024-12-30T12:33:48 IST" name="testAddProductToCart" finished-at="2024-12-30T12:34:06 IST" depends-on-methods="testCases.TC004_ProductDetailsTest.testProductDetailsAccuracy" duration-ms="17878" status="PASS">
          <reporter-output>
          </reporter-output>
        </test-method> <!-- testAddProductToCart -->
        <test-method is-config="true" signature="teardown()[pri:0, instance:testCases.TC004_ProductDetailsTest@6bbe2511]" started-at="2024-12-30T12:34:06 IST" name="teardown" finished-at="2024-12-30T12:34:07 IST" duration-ms="471" status="PASS">
          <reporter-output>
          </reporter-output>
        </test-method> <!-- teardown -->
      </class> <!-- testCases.TC004_ProductDetailsTest -->
      <class name="testCases.TC007_EndToEndTest">
        <test-method is-config="true" signature="setup(java.lang.String,java.lang.String)[pri:0, instance:testCases.TC007_EndToEndTest@635572a7]" started-at="2024-12-30T12:35:24 IST" name="setup" finished-at="2024-12-30T12:35:27 IST" duration-ms="3155" status="PASS">
          <params>
            <param index="0">
              <value>
                <![CDATA[Windows]]>
              </value>
            </param>
            <param index="1">
              <value>
                <![CDATA[chrome]]>
              </value>
            </param>
          </params>
          <reporter-output>
          </reporter-output>
        </test-method> <!-- setup -->
        <test-method signature="testCompleteCart()[pri:0, instance:testCases.TC007_EndToEndTest@635572a7]" started-at="2024-12-30T12:35:27 IST" name="testCompleteCart" finished-at="2024-12-30T12:35:52 IST" duration-ms="25345" status="PASS">
          <reporter-output>
          </reporter-output>
        </test-method> <!-- testCompleteCart -->
        <test-method is-config="true" signature="teardown()[pri:0, instance:testCases.TC007_EndToEndTest@635572a7]" started-at="2024-12-30T12:35:52 IST" name="teardown" finished-at="2024-12-30T12:35:53 IST" duration-ms="397" status="PASS">
          <reporter-output>
          </reporter-output>
        </test-method> <!-- teardown -->
      </class> <!-- testCases.TC007_EndToEndTest -->
      <class name="testCases.TC001_SignUpTest">
        <test-method is-config="true" signature="setup(java.lang.String,java.lang.String)[pri:0, instance:testCases.TC001_SignUpTest@15dcfae7]" started-at="2024-12-30T12:33:04 IST" name="setup" finished-at="2024-12-30T12:33:10 IST" duration-ms="5820" status="PASS">
          <params>
            <param index="0">
              <value>
                <![CDATA[Windows]]>
              </value>
            </param>
            <param index="1">
              <value>
                <![CDATA[chrome]]>
              </value>
            </param>
          </params>
          <reporter-output>
          </reporter-output>
        </test-method> <!-- setup -->
        <test-method signature="validateSignUpFunction()[pri:1, instance:testCases.TC001_SignUpTest@15dcfae7]" started-at="2024-12-30T12:33:10 IST" name="validateSignUpFunction" finished-at="2024-12-30T12:33:13 IST" duration-ms="3198" status="PASS">
          <reporter-output>
          </reporter-output>
        </test-method> <!-- validateSignUpFunction -->
        <test-method signature="validSignUp()[pri:2, instance:testCases.TC001_SignUpTest@15dcfae7]" started-at="2024-12-30T12:33:13 IST" name="validSignUp" finished-at="2024-12-30T12:33:23 IST" duration-ms="10209" status="PASS">
          <reporter-output>
          </reporter-output>
        </test-method> <!-- validSignUp -->
        <test-method is-config="true" signature="teardown()[pri:0, instance:testCases.TC001_SignUpTest@15dcfae7]" started-at="2024-12-30T12:33:23 IST" name="teardown" finished-at="2024-12-30T12:33:24 IST" duration-ms="562" status="PASS">
          <reporter-output>
          </reporter-output>
        </test-method> <!-- teardown -->
      </class> <!-- testCases.TC001_SignUpTest -->
    </test> <!-- Test -->
  </suite> <!-- Suite -->
</testng-results>
